#
# A fatal error has been detected by the Java Runtime Environment:
#
#  EXCEPTION_ACCESS_VIOLATION (0xc0000005) at pc=0x000000005e03a0a5, pid=11484, tid=0x0000000000002c4c
#
# JRE version: Java(TM) SE Runtime Environment (8.0_101-b13) (build 1.8.0_101-b13)
# Java VM: Java HotSpot(TM) 64-Bit Server VM (25.101-b13 mixed mode windows-amd64 compressed oops)
# Problematic frame:
# V  [jvm.dll+0x12a0a5]
#
# Failed to write core dump. Minidumps are not enabled by default on client versions of Windows
#
# If you would like to submit a bug report, please visit:
#   http://bugreport.java.com/bugreport/crash.jsp
#

---------------  T H R E A D  ---------------

Current thread (0x00000000173f7000):  JavaThread "JDWP Transport Listener: dt_socket" daemon [_thread_in_vm, id=11340, stack(0x0000000018e70000,0x0000000018f70000)]

siginfo: ExceptionCode=0xc0000005, reading address 0xffffffffffffffff

Registers:
RAX=0x0000000018f6f501, RBX=0x00000000173f7000, RCX=0x6361432473746573, RDX=0x0000000000000000
RSP=0x0000000018f6f4d0, RBP=0x6361432473746573, RSI=0x0000000018f6f5e8, RDI=0x00000000027788b0
R8 =0x00000000173f7000, R9 =0x0000000000008000, R10=0x00000000174018c0, R11=0x000000005e818d94
R12=0x0000000000000000, R13=0x00000000174020b8, R14=0x0000000000000000, R15=0x0000000000000000
RIP=0x000000005e03a0a5, EFLAGS=0x0000000000010202

Top of Stack: (sp=0x0000000018f6f4d0)
0x0000000018f6f4d0:   00000000173f7000 00000000173f7000
0x0000000018f6f4e0:   0000000018f6f598 000000005e242f0b
0x0000000018f6f4f0:   00000000173f7000 000000005e25f76d
0x0000000018f6f500:   0000000000000000 000000005dea9155
0x0000000018f6f510:   000000001741b758 000000005deb291e
0x0000000018f6f520:   00000000173f7000 0000000000000000
0x0000000018f6f530:   0000000000000000 0000000000000000
0x0000000018f6f540:   6361432473746573 000000005deb1a15
0x0000000018f6f550:   0000000018f6f5e8 0000000018f6f5c0
0x0000000018f6f560:   0000000000000001 000000001741b758
0x0000000018f6f570:   6361432473746573 000000005de953b3
0x0000000018f6f580:   0000000018f6f6b0 0000000000000001
0x0000000018f6f590:   0000000000000001 000000001741b758
0x0000000018f6f5a0:   000000000000000a 0000000000000000
0x0000000018f6f5b0:   0000000000000000 0000000000000000
0x0000000018f6f5c0:   0000000000000001 000000005de95571 

Instructions: (pc=0x000000005e03a0a5)
0x000000005e03a085:   cc cc cc cc cc cc cc cc cc cc cc 48 83 ec 28 48
0x000000005e03a095:   85 c9 75 07 33 c0 48 83 c4 28 c3 48 89 5c 24 20
0x000000005e03a0a5:   48 8b 19 48 85 db 74 20 48 83 fb 37 74 1a 48 8b
0x000000005e03a0b5:   13 48 8b cb ff 52 10 84 c0 74 0d 48 8b c3 48 8b 


Register to memory mapping:

RAX=0x0000000018f6f501 is pointing into the stack for thread: 0x00000000173f7000
RBX=0x00000000173f7000 is a thread
RCX=0x6361432473746573 is an unknown value
RDX=0x0000000000000000 is an unknown value
RSP=0x0000000018f6f4d0 is pointing into the stack for thread: 0x00000000173f7000
RBP=0x6361432473746573 is an unknown value
RSI=0x0000000018f6f5e8 is pointing into the stack for thread: 0x00000000173f7000
RDI=0x00000000027788b0 is an unknown value
R8 =0x00000000173f7000 is a thread
R9 =0x0000000000008000 is an unknown value
R10=0x00000000174018c0 is an unknown value
R11=0x000000005e818d94 is an unknown value
R12=0x0000000000000000 is an unknown value
R13=0x00000000174020b8 is an unknown value
R14=0x0000000000000000 is an unknown value
R15=0x0000000000000000 is an unknown value


Stack: [0x0000000018e70000,0x0000000018f70000],  sp=0x0000000018f6f4d0,  free space=1021k
Native frames: (J=compiled Java code, j=interpreted, Vv=VM code, C=native code)
V  [jvm.dll+0x12a0a5]
V  [jvm.dll+0x34f76d]
C  [jdwp.dll+0x21a15]
C  [jdwp.dll+0x53b3]
C  [jdwp.dll+0x5571]
C  [jdwp.dll+0xf0a8]
C  [jdwp.dll+0x1f2d5]
C  [jdwp.dll+0x1f4aa]
V  [jvm.dll+0x1bd258]
V  [jvm.dll+0x2451a4]
V  [jvm.dll+0x29c18a]
C  [msvcr100.dll+0x21d9f]
C  [msvcr100.dll+0x21e3b]
C  [KERNEL32.DLL+0x66cd]
C  [ntdll.dll+0x6666c]


---------------  P R O C E S S  ---------------

Java Threads: ( => current thread )
  0x000000001744e800 JavaThread "Service Thread" daemon [_thread_blocked, id=11552, stack(0x0000000019870000,0x0000000019970000)]
  0x0000000017427000 JavaThread "C1 CompilerThread2" daemon [_thread_blocked, id=11468, stack(0x0000000019370000,0x0000000019470000)]
  0x000000001741e000 JavaThread "C2 CompilerThread1" daemon [_thread_blocked, id=11948, stack(0x0000000019270000,0x0000000019370000)]
  0x000000001741c000 JavaThread "C2 CompilerThread0" daemon [_thread_blocked, id=11224, stack(0x0000000019170000,0x0000000019270000)]
  0x0000000017411800 JavaThread "JDWP Command Reader" daemon [_thread_in_native, id=11940, stack(0x0000000019070000,0x0000000019170000)]
  0x0000000017404800 JavaThread "JDWP Event Helper Thread" daemon [_thread_blocked, id=12032, stack(0x0000000018f70000,0x0000000019070000)]
=>0x00000000173f7000 JavaThread "JDWP Transport Listener: dt_socket" daemon [_thread_in_vm, id=11340, stack(0x0000000018e70000,0x0000000018f70000)]
  0x00000000173ef000 JavaThread "Attach Listener" daemon [_thread_blocked, id=5308, stack(0x0000000018a30000,0x0000000018b30000)]
  0x00000000173ec000 JavaThread "Signal Dispatcher" daemon [_thread_blocked, id=4616, stack(0x0000000018930000,0x0000000018a30000)]
  0x000000000287e800 JavaThread "Finalizer" daemon [_thread_blocked, id=11996, stack(0x0000000018640000,0x0000000018740000)]
  0x0000000002873000 JavaThread "Reference Handler" daemon [_thread_blocked, id=2888, stack(0x0000000018540000,0x0000000018640000)]
  0x000000000277e000 JavaThread "main" [_thread_blocked, id=10272, stack(0x0000000002590000,0x0000000002690000)]

Other Threads:
  0x00000000173b7800 VMThread [stack: 0x0000000018440000,0x0000000018540000] [id=10072]
  0x00000000194cb800 WatcherThread [stack: 0x0000000019970000,0x0000000019a70000] [id=7820]

VM state:not at safepoint (normal execution)

VM Mutex/Monitor currently owned by a thread: None

Heap:
 PSYoungGen      total 38400K, used 1996K [0x00000000d5c00000, 0x00000000d8680000, 0x0000000100000000)
  eden space 33280K, 6% used [0x00000000d5c00000,0x00000000d5df3360,0x00000000d7c80000)
  from space 5120K, 0% used [0x00000000d8180000,0x00000000d8180000,0x00000000d8680000)
  to   space 5120K, 0% used [0x00000000d7c80000,0x00000000d7c80000,0x00000000d8180000)
 ParOldGen       total 87552K, used 0K [0x0000000081400000, 0x0000000086980000, 0x00000000d5c00000)
  object space 87552K, 0% used [0x0000000081400000,0x0000000081400000,0x0000000086980000)
 Metaspace       used 2640K, capacity 4490K, committed 4864K, reserved 1056768K
  class space    used 284K, capacity 386K, committed 512K, reserved 1048576K

Card table byte_map: [0x0000000011c40000,0x0000000012040000] byte_map_base: 0x0000000011836000

Marking Bits: (ParMarkBitMap*) 0x000000005e72a6d0
 Begin Bits: [0x00000000126f0000, 0x00000000146a0000)
 End Bits:   [0x00000000146a0000, 0x0000000016650000)

Polling page: 0x00000000008f0000

CodeCache: size=245760Kb used=1099Kb max_used=1107Kb free=244660Kb
 bounds [0x0000000002880000, 0x0000000002af0000, 0x0000000011880000]
 total_blobs=249 nmethods=26 adapters=145
 compilation: enabled

Compilation events (10 events):
Event: 0.359 Thread 0x0000000017427000   22       3       java.io.WinNTFileSystem::isSlash (18 bytes)
Event: 0.359 Thread 0x0000000017427000 nmethod 22 0x0000000002990dd0 code [0x0000000002990f20, 0x0000000002991110]
Event: 0.359 Thread 0x0000000017427000   23  s    3       java.lang.StringBuffer::append (13 bytes)
Event: 0.359 Thread 0x000000001741c000   25       4       java.lang.String::charAt (29 bytes)
Event: 0.359 Thread 0x0000000017427000 nmethod 23 0x0000000002991190 code [0x0000000002991320, 0x0000000002991828]
Event: 0.359 Thread 0x0000000017427000   24       3       java.lang.AbstractStringBuilder::append (50 bytes)
Event: 0.360 Thread 0x0000000017427000 nmethod 24 0x0000000002991a90 code [0x0000000002991c20, 0x0000000002992128]
Event: 0.360 Thread 0x000000001741c000 nmethod 25 0x0000000002995010 code [0x0000000002995160, 0x0000000002995258]
Event: 163.223 Thread 0x0000000017427000   26       3       java.lang.System::getSecurityManager (4 bytes)
Event: 163.223 Thread 0x0000000017427000 nmethod 26 0x0000000002994510 code [0x0000000002994660, 0x0000000002994790]

GC Heap History (0 events):
No events

Deoptimization events (0 events):
No events

Internal exceptions (2 events):
Event: 0.037 Thread 0x000000000277e000 Exception <a 'java/lang/NoSuchMethodError': Method sun.misc.Unsafe.defineClass(Ljava/lang/String;[BII)Ljava/lang/Class; name or signature does not match> (0x00000000d5c07cc0) thrown at [C:\re\workspace\8-2-build-windows-amd64-cygwin\jdk8u101\7261\hotspot\sL}Ӣ?
Event: 0.037 Thread 0x000000000277e000 Exception <a 'java/lang/NoSuchMethodError': Method sun.misc.Unsafe.prefetchRead(Ljava/lang/Object;J)V name or signature does not match> (0x00000000d5c07fa8) thrown at [C:\re\workspace\8-2-build-windows-amd64-cygwin\jdk8u101\7261\hotspot\src\share\vm\prims\

Events (10 events):
Event: 163.220 Executing VM operation: EnterInterpOnlyMode
Event: 163.220 Executing VM operation: EnterInterpOnlyMode done
Event: 163.220 Executing VM operation: ChangeSingleStep
Event: 163.220 Executing VM operation: ChangeSingleStep done
Event: 163.220 Executing VM operation: ChangeSingleStep
Event: 163.220 Executing VM operation: ChangeSingleStep done
Event: 163.222 loading class java/util/concurrent/ConcurrentHashMap$ForwardingNode
Event: 163.222 loading class java/util/concurrent/ConcurrentHashMap$ForwardingNode done
Event: 163.237 Executing VM operation: RedefineClasses
Event: 163.237 Executing VM operation: RedefineClasses done


Dynamic libraries:
0x00007ff680110000 - 0x00007ff680147000 	C:\Program Files\Java\jdk1.8.0_101\bin\javaw.exe
0x00007ffe41c40000 - 0x00007ffe41e2c000 	C:\WINDOWS\SYSTEM32\ntdll.dll
0x00007ffe3f1c0000 - 0x00007ffe3f275000 	C:\WINDOWS\System32\KERNEL32.DLL
0x00007ffe3ea30000 - 0x00007ffe3ec84000 	C:\WINDOWS\System32\KERNELBASE.dll
0x00007ffe41900000 - 0x00007ffe419a7000 	C:\WINDOWS\System32\ADVAPI32.dll
0x00007ffe41b90000 - 0x00007ffe41c38000 	C:\WINDOWS\System32\msvcrt.dll
0x00007ffe3f940000 - 0x00007ffe3f99d000 	C:\WINDOWS\System32\sechost.dll
0x00007ffe3f7d0000 - 0x00007ffe3f904000 	C:\WINDOWS\System32\RPCRT4.dll
0x00007ffe3f060000 - 0x00007ffe3f1b2000 	C:\WINDOWS\System32\USER32.dll
0x00007ffe3ee00000 - 0x00007ffe3ee1e000 	C:\WINDOWS\System32\win32u.dll
0x00007ffe3f910000 - 0x00007ffe3f938000 	C:\WINDOWS\System32\GDI32.dll
0x00007ffe3eed0000 - 0x00007ffe3f05c000 	C:\WINDOWS\System32\gdi32full.dll
0x00007ffe3ee20000 - 0x00007ffe3eecb000 	C:\WINDOWS\System32\msvcp_win.dll
0x00007ffe3dfa0000 - 0x00007ffe3e0ab000 	C:\WINDOWS\System32\ucrtbase.dll
0x00007ffe307f0000 - 0x00007ffe30a78000 	C:\WINDOWS\WinSxS\amd64_microsoft.windows.common-controls_6595b64144ccf1df_6.0.15025.1000_none_42654a955aa39c18\COMCTL32.dll
0x00007ffe415e0000 - 0x00007ffe418fc000 	C:\WINDOWS\System32\combase.dll
0x00007ffe3ece0000 - 0x00007ffe3ed4b000 	C:\WINDOWS\System32\bcryptPrimitives.dll
0x00007ffe3f730000 - 0x00007ffe3f75f000 	C:\WINDOWS\System32\IMM32.DLL
0x000000005e7b0000 - 0x000000005e882000 	C:\Program Files\Java\jdk1.8.0_101\jre\bin\msvcr100.dll
0x000000005df10000 - 0x000000005e7aa000 	C:\Program Files\Java\jdk1.8.0_101\jre\bin\server\jvm.dll
0x00007ffe41300000 - 0x00007ffe41308000 	C:\WINDOWS\System32\PSAPI.DLL
0x00007ffe2ffe0000 - 0x00007ffe2ffea000 	C:\WINDOWS\SYSTEM32\WSOCK32.dll
0x00007ffe38a80000 - 0x00007ffe38aa4000 	C:\WINDOWS\SYSTEM32\WINMM.dll
0x00007ffe41290000 - 0x00007ffe412ff000 	C:\WINDOWS\System32\WS2_32.dll
0x00007ffe38a20000 - 0x00007ffe38a4d000 	C:\WINDOWS\SYSTEM32\WINMMBASE.dll
0x00007ffe31260000 - 0x00007ffe3126a000 	C:\WINDOWS\SYSTEM32\VERSION.dll
0x00007ffe3ec90000 - 0x00007ffe3ecdd000 	C:\WINDOWS\System32\cfgmgr32.dll
0x000000005df00000 - 0x000000005df0f000 	C:\Program Files\Java\jdk1.8.0_101\jre\bin\verify.dll
0x000000005ded0000 - 0x000000005def9000 	C:\Program Files\Java\jdk1.8.0_101\jre\bin\java.dll
0x000000005de90000 - 0x000000005dec5000 	C:\Program Files\Java\jdk1.8.0_101\jre\bin\jdwp.dll
0x000000005de80000 - 0x000000005de88000 	C:\Program Files\Java\jdk1.8.0_101\jre\bin\npt.dll
0x000000005de60000 - 0x000000005de76000 	C:\Program Files\Java\jdk1.8.0_101\jre\bin\zip.dll
0x00007ffe3fdf0000 - 0x00007ffe4128e000 	C:\WINDOWS\System32\SHELL32.dll
0x00007ffe41a60000 - 0x00007ffe41b11000 	C:\WINDOWS\System32\shcore.dll
0x00007ffe3e0b0000 - 0x00007ffe3e843000 	C:\WINDOWS\System32\windows.storage.dll
0x00007ffe41330000 - 0x00007ffe41384000 	C:\WINDOWS\System32\shlwapi.dll
0x00007ffe3ded0000 - 0x00007ffe3dee1000 	C:\WINDOWS\System32\kernel.appcore.dll
0x00007ffe3def0000 - 0x00007ffe3df3e000 	C:\WINDOWS\System32\powrprof.dll
0x00007ffe3de90000 - 0x00007ffe3dea6000 	C:\WINDOWS\System32\profapi.dll
0x000000005de50000 - 0x000000005de59000 	C:\Program Files\Java\jdk1.8.0_101\jre\bin\dt_socket.dll
0x00007ffe2d6d0000 - 0x00007ffe2d6e7000 	C:\WINDOWS\system32\napinsp.dll
0x00007ffe2c0a0000 - 0x00007ffe2c0bb000 	C:\WINDOWS\system32\pnrpnsp.dll
0x00007ffe3aed0000 - 0x00007ffe3aee9000 	C:\WINDOWS\system32\NLAapi.dll
0x00007ffe3d780000 - 0x00007ffe3d7df000 	C:\WINDOWS\System32\mswsock.dll
0x00007ffe3d520000 - 0x00007ffe3d5c8000 	C:\WINDOWS\SYSTEM32\DNSAPI.dll
0x00007ffe3f720000 - 0x00007ffe3f728000 	C:\WINDOWS\System32\NSI.dll
0x00007ffe3d4e0000 - 0x00007ffe3d51a000 	C:\WINDOWS\SYSTEM32\IPHLPAPI.DLL
0x00007ffe2e220000 - 0x00007ffe2e22e000 	C:\WINDOWS\System32\winrnr.dll
0x000000005f510000 - 0x000000005f536000 	C:\Program Files\Bonjour\mdnsNSP.dll
0x00007ffe329c0000 - 0x00007ffe32a31000 	C:\WINDOWS\System32\fwpuclnt.dll
0x00007ffe3da40000 - 0x00007ffe3da65000 	C:\WINDOWS\SYSTEM32\bcrypt.dll
0x00007ffe2f9c0000 - 0x00007ffe2f9ca000 	C:\Windows\System32\rasadhlp.dll
0x00007ffe313b0000 - 0x00007ffe31561000 	C:\WINDOWS\SYSTEM32\dbghelp.dll

VM Arguments:
jvm_args: -agentlib:jdwp=transport=dt_socket,suspend=y,address=localhost:51359 -Dfile.encoding=Cp1252 
java_command: google.Edit
java_class_path (initial): C:\Users\Vinny366\git\Algos\Alogs\bin
Launcher Type: SUN_STANDARD

Environment Variables:
PATH=C:\Program Files\Java\jdk1.8.0_101\jre\bin;C:/Program Files/Java/jre1.8.0_101/bin/server;C:/Program Files/Java/jre1.8.0_101/bin;C:/Program Files/Java/jre1.8.0_101/lib/amd64;C:\ProgramData\Oracle\Java\javapath;C:\WINDOWS\system32;C:\WINDOWS;C:\WINDOWS\System32\Wbem;C:\WINDOWS\System32\WindowsPowerShell\v1.0\;C:\Program Files\Java\jre1.8.0_91;C:\Program Files\Java\jdk1.8.0_91\bin;C:\apache-maven-3.3.9\bin;C:\Program Files (x86)\Skype\Phone\;C:\Python27;C:\Python27\Scripts;C:\Program Files (x86)\PharosSystems\Core;C:\ProgramData\chocolatey\bin;C:\Program Files\nodejs\;C:\Python27\Lib\site-packages;C:\Program Files\MongoDB\Server\3.2\bin;C:\Users\Vinny366\AppData\Local\Microsoft\WindowsApps;;C:\Program Files (x86)\Microsoft VS Code\bin;C:\Users\Vinny366\AppData\Roaming\npm;C:\Users\Vinny366\Desktop;
USERNAME=Vinny366
OS=Windows_NT
PROCESSOR_IDENTIFIER=Intel64 Family 6 Model 60 Stepping 3, GenuineIntel



---------------  S Y S T E M  ---------------

OS: Windows 10.0 , 64 bit Build 15025 (10.0.15025.1000)

CPU:total 4 (2 cores per cpu, 2 threads per core) family 6 model 60 stepping 3, cmov, cx8, fxsr, mmx, sse, sse2, sse3, ssse3, sse4.1, sse4.2, popcnt, avx, avx2, aes, clmul, erms, lzcnt, ht, tsc, tscinvbit, bmi1, bmi2

Memory: 4k page, physical 8302956k(3942232k free), swap 10269036k(4651040k free)

vm_info: Java HotSpot(TM) 64-Bit Server VM (25.101-b13) for windows-amd64 JRE (1.8.0_101-b13), built on Jun 22 2016 01:21:29 by "java_re" with MS VC++ 10.0 (VS2010)

time: Sun Feb 12 12:10:21 2017
elapsed time: 163 seconds (0d 0h 2m 43s)

